# JRE version: Java(TM) SE Runtime Environment (8.0_20-b26) (build 1.8.0_20-b26)
# Java VM: Java HotSpot(TM) 64-Bit Server VM (25.20-b23 mixed mode bsd-amd64 compressed oops)
Heap:
 PSYoungGen      total 253952K, used 96K [0x00000007aab00000, 0x00000007c0000000, 0x00000007c0000000)
  eden space 155648K, 0% used [0x00000007aab00000,0x00000007aab00000,0x00000007b4300000)
  from space 98304K, 0% used [0x00000007ba000000,0x00000007ba018000,0x00000007c0000000)
  to   space 95232K, 0% used [0x00000007b4300000,0x00000007b4300000,0x00000007ba000000)
 ParOldGen       total 699392K, used 351844K [0x0000000780000000, 0x00000007aab00000, 0x00000007aab00000)
  object space 699392K, 50% used [0x0000000780000000,0x0000000795799330,0x00000007aab00000)
 Metaspace       used 249833K, capacity 258876K, committed 262144K, reserved 1275904K
  class space    used 31618K, capacity 33942K, committed 36736K, reserved 1048576K
GC Heap History (10 events):
Event: 4743.238 GC heap after
Heap after GC invocations=194 (full 14):
 PSYoungGen      total 249344K, used 0K [0x00000007aab00000, 0x00000007c0000000, 0x00000007c0000000)
  eden space 147968K, 0% used [0x00000007aab00000,0x00000007aab00000,0x00000007b3b80000)
  from space 101376K, 0% used [0x00000007b9d00000,0x00000007b9d00000,0x00000007c0000000)
  to   space 99840K, 0% used [0x00000007b3b80000,0x00000007b3b80000,0x00000007b9d00000)
 ParOldGen       total 699392K, used 352761K [0x0000000780000000, 0x00000007aab00000, 0x00000007aab00000)
  object space 699392K, 50% used [0x0000000780000000,0x000000079587e418,0x00000007aab00000)
 Metaspace       used 250015K, capacity 259158K, committed 262144K, reserved 1275904K
  class space    used 31644K, capacity 33989K, committed 36736K, reserved 1048576K
}
Event: 4743.238 GC heap before
{Heap before GC invocations=195 (full 15):
 PSYoungGen      total 249344K, used 0K [0x00000007aab00000, 0x00000007c0000000, 0x00000007c0000000)
  eden space 147968K, 0% used [0x00000007aab00000,0x00000007aab00000,0x00000007b3b80000)
  from space 101376K, 0% used [0x00000007b9d00000,0x00000007b9d00000,0x00000007c0000000)
  to   space 99840K, 0% used [0x00000007b3b80000,0x00000007b3b80000,0x00000007b9d00000)
 ParOldGen       total 699392K, used 352761K [0x0000000780000000, 0x00000007aab00000, 0x00000007aab00000)
  object space 699392K, 50% used [0x0000000780000000,0x000000079587e418,0x00000007aab00000)
 Metaspace       used 250015K, capacity 259158K, committed 262144K, reserved 1275904K
  class space    used 31644K, capacity 33989K, committed 36736K, reserved 1048576K
Event: 4743.621 GC heap after
Heap after GC invocations=195 (full 15):
 PSYoungGen      total 249344K, used 0K [0x00000007aab00000, 0x00000007c0000000, 0x00000007c0000000)
  eden space 147968K, 0% used [0x00000007aab00000,0x00000007aab00000,0x00000007b3b80000)
  from space 101376K, 0% used [0x00000007b9d00000,0x00000007b9d00000,0x00000007c0000000)
  to   space 99840K, 0% used [0x00000007b3b80000,0x00000007b3b80000,0x00000007b9d00000)
 ParOldGen       total 699392K, used 352430K [0x0000000780000000, 0x00000007aab00000, 0x00000007aab00000)
  object space 699392K, 50% used [0x0000000780000000,0x000000079582bad8,0x00000007aab00000)
 Metaspace       used 250015K, capacity 259158K, committed 262144K, reserved 1275904K
  class space    used 31644K, capacity 33989K, committed 36736K, reserved 1048576K
}
Event: 4743.621 GC heap before
{Heap before GC invocations=196 (full 15):
 PSYoungGen      total 249344K, used 0K [0x00000007aab00000, 0x00000007c0000000, 0x00000007c0000000)
  eden space 147968K, 0% used [0x00000007aab00000,0x00000007aab00000,0x00000007b3b80000)
  from space 101376K, 0% used [0x00000007b9d00000,0x00000007b9d00000,0x00000007c0000000)
  to   space 99840K, 0% used [0x00000007b3b80000,0x00000007b3b80000,0x00000007b9d00000)
 ParOldGen       total 699392K, used 352430K [0x0000000780000000, 0x00000007aab00000, 0x00000007aab00000)
  object space 699392K, 50% used [0x0000000780000000,0x000000079582bad8,0x00000007aab00000)
 Metaspace       used 250015K, capacity 259158K, committed 262144K, reserved 1275904K
  class space    used 31644K, capacity 33989K, committed 36736K, reserved 1048576K
Event: 4743.626 GC heap after
Heap after GC invocations=196 (full 15):
 PSYoungGen      total 247808K, used 0K [0x00000007aab00000, 0x00000007c0000000, 0x00000007c0000000)
  eden space 147968K, 0% used [0x00000007aab00000,0x00000007aab00000,0x00000007b3b80000)
  from space 99840K, 0% used [0x00000007b3b80000,0x00000007b3b80000,0x00000007b9d00000)
  to   space 98304K, 0% used [0x00000007ba000000,0x00000007ba000000,0x00000007c0000000)
 ParOldGen       total 699392K, used 352430K [0x0000000780000000, 0x00000007aab00000, 0x00000007aab00000)
  object space 699392K, 50% used [0x0000000780000000,0x000000079582bad8,0x00000007aab00000)
 Metaspace       used 250015K, capacity 259158K, committed 262144K, reserved 1275904K
  class space    used 31644K, capacity 33989K, committed 36736K, reserved 1048576K
}
Event: 4743.626 GC heap before
{Heap before GC invocations=197 (full 16):
 PSYoungGen      total 247808K, used 0K [0x00000007aab00000, 0x00000007c0000000, 0x00000007c0000000)
  eden space 147968K, 0% used [0x00000007aab00000,0x00000007aab00000,0x00000007b3b80000)
  from space 99840K, 0% used [0x00000007b3b80000,0x00000007b3b80000,0x00000007b9d00000)
  to   space 98304K, 0% used [0x00000007ba000000,0x00000007ba000000,0x00000007c0000000)
 ParOldGen       total 699392K, used 352430K [0x0000000780000000, 0x00000007aab00000, 0x00000007aab00000)
  object space 699392K, 50% used [0x0000000780000000,0x000000079582bad8,0x00000007aab00000)
 Metaspace       used 250015K, capacity 259158K, committed 262144K, reserved 1275904K
  class space    used 31644K, capacity 33989K, committed 36736K, reserved 1048576K
Event: 4744.368 GC heap after
Heap after GC invocations=197 (full 16):
 PSYoungGen      total 247808K, used 0K [0x00000007aab00000, 0x00000007c0000000, 0x00000007c0000000)
  eden space 147968K, 0% used [0x00000007aab00000,0x00000007aab00000,0x00000007b3b80000)
  from space 99840K, 0% used [0x00000007b3b80000,0x00000007b3b80000,0x00000007b9d00000)
  to   space 98304K, 0% used [0x00000007ba000000,0x00000007ba000000,0x00000007c0000000)
 ParOldGen       total 699392K, used 351844K [0x0000000780000000, 0x00000007aab00000, 0x00000007aab00000)
  object space 699392K, 50% used [0x0000000780000000,0x0000000795799330,0x00000007aab00000)
 Metaspace       used 249833K, capacity 258876K, committed 262144K, reserved 1275904K
  class space    used 31618K, capacity 33942K, committed 36736K, reserved 1048576K
}
Event: 4744.369 GC heap before
{Heap before GC invocations=198 (full 16):
 PSYoungGen      total 247808K, used 59K [0x00000007aab00000, 0x00000007c0000000, 0x00000007c0000000)
  eden space 147968K, 0% used [0x00000007aab00000,0x00000007aab0ef40,0x00000007b3b80000)
  from space 99840K, 0% used [0x00000007b3b80000,0x00000007b3b80000,0x00000007b9d00000)
  to   space 98304K, 0% used [0x00000007ba000000,0x00000007ba000000,0x00000007c0000000)
 ParOldGen       total 699392K, used 351844K [0x0000000780000000, 0x00000007aab00000, 0x00000007aab00000)
  object space 699392K, 50% used [0x0000000780000000,0x0000000795799330,0x00000007aab00000)
 Metaspace       used 249833K, capacity 258876K, committed 262144K, reserved 1275904K
  class space    used 31618K, capacity 33942K, committed 36736K, reserved 1048576K
Event: 4744.374 GC heap after
Heap after GC invocations=198 (full 16):
 PSYoungGen      total 253952K, used 96K [0x00000007aab00000, 0x00000007c0000000, 0x00000007c0000000)
  eden space 155648K, 0% used [0x00000007aab00000,0x00000007aab00000,0x00000007b4300000)
  from space 98304K, 0% used [0x00000007ba000000,0x00000007ba018000,0x00000007c0000000)
  to   space 95232K, 0% used [0x00000007b4300000,0x00000007b4300000,0x00000007ba000000)
 ParOldGen       total 699392K, used 351844K [0x0000000780000000, 0x00000007aab00000, 0x00000007aab00000)
  object space 699392K, 50% used [0x0000000780000000,0x0000000795799330,0x00000007aab00000)
 Metaspace       used 249833K, capacity 258876K, committed 262144K, reserved 1275904K
  class space    used 31618K, capacity 33942K, committed 36736K, reserved 1048576K
}
Event: 4744.374 GC heap before
{Heap before GC invocations=199 (full 17):
 PSYoungGen      total 253952K, used 96K [0x00000007aab00000, 0x00000007c0000000, 0x00000007c0000000)
  eden space 155648K, 0% used [0x00000007aab00000,0x00000007aab00000,0x00000007b4300000)
  from space 98304K, 0% used [0x00000007ba000000,0x00000007ba018000,0x00000007c0000000)
  to   space 95232K, 0% used [0x00000007b4300000,0x00000007b4300000,0x00000007ba000000)
 ParOldGen       total 699392K, used 351844K [0x0000000780000000, 0x00000007aab00000, 0x00000007aab00000)
  object space 699392K, 50% used [0x0000000780000000,0x0000000795799330,0x00000007aab00000)
 Metaspace       used 249833K, capacity 258876K, committed 262144K, reserved 1275904K
  class space    used 31618K, capacity 33942K, committed 36736K, reserved 1048576K

